<?xml version="1.0" encoding="UTF-8"?>
<!-- Generated by org.testng.reporters.JUnitReportReporter -->
<testsuite hostname="Brajeshs-MacBook-Air.local" failures="0" tests="4" name="Bizportals.TestCases.WebPartsTestCases.TestBizportalsHeadliner" time="37.546" errors="1" timestamp="2024-10-11T16:54:23 IST" skipped="3">
  <testcase classname="Bizportals.TestCases.WebPartsTestCases.TestBizportalsHeadliner" name="editEntry" time="1.422">
    <skipped/>
  </testcase> <!-- editEntry -->
  <testcase classname="Bizportals.TestCases.WebPartsTestCases.TestBizportalsHeadliner" name="editEntryViewForm" time="0.001">
    <skipped/>
  </testcase> <!-- editEntryViewForm -->
  <testcase classname="Bizportals.TestCases.WebPartsTestCases.TestBizportalsHeadliner" name="deleteEntry" time="0.000">
    <skipped/>
  </testcase> <!-- deleteEntry -->
  <testcase classname="Bizportals.TestCases.WebPartsTestCases.TestBizportalsHeadliner" name="createNewEntry" time="36.123">
    <error message="Cannot invoke &quot;Object.getClass()&quot; because &quot;exceptionDriver&quot; is null" type="java.lang.NullPointerException">
      <![CDATA[java.lang.NullPointerException: Cannot invoke "Object.getClass()" because "exceptionDriver" is null
at org.openqa.selenium.support.ui.WebDriverWait.timeoutException(WebDriverWait.java:85)
at org.openqa.selenium.support.ui.FluentWait.until(FluentWait.java:228)
at Bizportals.BaseClass.BaseClass.waitForWebElementToAppear(BaseClass.java:39)
at Bizportals.PageObject.LandingPage.opensettingGrid(LandingPage.java:227)
at Bizportals.PageObject.LandingPage.creatingNewEntry(LandingPage.java:165)
at Bizportals.TestCases.WebPartsTestCases.TestBizportalsHeadliner.createNewEntry(TestBizportalsHeadliner.java:20)
at java.base/jdk.internal.reflect.DirectMethodHandleAccessor.invoke(DirectMethodHandleAccessor.java:103)
at java.base/java.lang.reflect.Method.invoke(Method.java:580)
at org.testng.internal.invokers.MethodInvocationHelper.invokeMethod(MethodInvocationHelper.java:139)
at org.testng.internal.invokers.TestInvoker.invokeMethod(TestInvoker.java:664)
at org.testng.internal.invokers.TestInvoker.invokeTestMethod(TestInvoker.java:228)
at org.testng.internal.invokers.MethodRunner.runInSequence(MethodRunner.java:63)
at org.testng.internal.invokers.TestInvoker$MethodInvocationAgent.invoke(TestInvoker.java:961)
at org.testng.internal.invokers.TestInvoker.invokeTestMethods(TestInvoker.java:201)
at org.testng.internal.invokers.TestMethodWorker.invokeTestMethods(TestMethodWorker.java:148)
at org.testng.internal.invokers.TestMethodWorker.run(TestMethodWorker.java:128)
at java.base/java.util.ArrayList.forEach(ArrayList.java:1596)
at org.testng.TestRunner.privateRun(TestRunner.java:819)
at org.testng.TestRunner.run(TestRunner.java:619)
at org.testng.SuiteRunner.runTest(SuiteRunner.java:443)
at org.testng.SuiteRunner.runSequentially(SuiteRunner.java:437)
at org.testng.SuiteRunner.privateRun(SuiteRunner.java:397)
at org.testng.SuiteRunner.run(SuiteRunner.java:336)
at org.testng.SuiteRunnerWorker.runSuite(SuiteRunnerWorker.java:52)
at org.testng.SuiteRunnerWorker.run(SuiteRunnerWorker.java:95)
at org.testng.TestNG.runSuitesSequentially(TestNG.java:1301)
at org.testng.TestNG.runSuitesLocally(TestNG.java:1228)
at org.testng.TestNG.runSuites(TestNG.java:1134)
at org.testng.TestNG.run(TestNG.java:1101)
at org.testng.remote.AbstractRemoteTestNG.run(AbstractRemoteTestNG.java:115)
at org.testng.remote.RemoteTestNG.initAndRun(RemoteTestNG.java:293)
at org.testng.remote.RemoteTestNG.main(RemoteTestNG.java:91)
]]>
    </error>
  </testcase> <!-- createNewEntry -->
</testsuite> <!-- Bizportals.TestCases.WebPartsTestCases.TestBizportalsHeadliner -->
